cpu-bind=MASK - bp1-compute189, task  0  0 [1403413]: mask 0x100000001 set
mkdir: cannot create directory 'slurm_logs/': File exists
mkdir: cannot create directory 'logs/': File exists
Starting analysis
Checking body measurements data
Checking accelerometer data
Fix accelerometer data
sed: can't read data/derived/accel/accel-*.txt: No such file or directory
cat: 'data/derived/accel/accel-*.txt': No such file or directory
sed: can't read data/derived/accel/accel-*.txt: No such file or directory
ls: cannot access 'data/derived/accel': No such file or directory
head: cannot open 'data/derived/accel/' for reading: No such file or directory
Making PID list
Making sample file
Error in `$<-.data.frame`(`*tmp*`, hasAccel, value = TRUE) : 
  replacement has 1 row, data has 0
Calls: $<- -> $<-.data.frame
Execution halted
Merging demographics data
-- Attaching core tidyverse packages ------------------------ tidyverse 2.0.0 --
v dplyr     1.1.4     v readr     2.1.6
v forcats   1.0.1     v stringr   1.6.0
v ggplot2   4.0.1     v tibble    3.3.0
v lubridate 1.9.4     v tidyr     1.3.1
v purrr     1.2.0     
-- Conflicts ------------------------------------------ tidyverse_conflicts() --
x dplyr::filter() masks stats::filter()
x dplyr::lag()    masks stats::lag()
i Use the conflicted package (<http://conflicted.r-lib.org/>) to force all conflicts to become errors

Attaching package: 'janitor'

The following objects are masked from 'package:stats':

    chisq.test, fisher.test

New names:
* `` -> `...1`
Rows: 9950 Columns: 28
-- Column specification --------------------------------------------------------
Delimiter: ","
dbl (27): ...1, SEQN, BMDSTATS, BMXWT, BMIWT, BMXRECUM, BMIRECUM, BMXHEAD, B...
lgl  (1): BMIHEAD

i Use `spec()` to retrieve the full column specification for this data.
i Specify the column types or set `show_col_types = FALSE` to quiet this message.
There were 13 warnings (use warnings() to see them)
Joining with `by = join_by(seqn)`
Error: 'data/derived/sample.csv' does not exist in current working directory ('/user/work/xb25901/formative').
Execution halted
Analysis complete
