Assuming unrestricted shared filesystem usage.
host: LAPTOP-LF8R5BUU
Building DAG of jobs...
Using shell: /usr/bin/bash
Provided cores: 1 (use --cores to define parallelism)
Rules claiming more threads will be scaled down.
Job stats:
job          count
---------  -------
all              1
bmx_check        1
total            2

Select jobs to execute...
Execute 1 jobs...
[Wed Nov 12 23:16:40 2025]
localrule bmx_check:
    input: data/original/BMX_D.csv
    output: logs/bmx_check.log
    jobid: 1
    reason: Missing output files: logs/bmx_check.log
    resources: tmpdir=/tmp
RuleException:
CalledProcessError in file "/home/xb25901/AHDS/Week_3/formative/Snakefile", line 12:
Command 'set -euo pipefail;  
        bash code/bmx_check.sh > logs/bmx_check.log' returned non-zero exit status 127.
[Wed Nov 12 23:16:40 2025]
Error in rule bmx_check:
    message: None
    jobid: 1
    input: data/original/BMX_D.csv
    output: logs/bmx_check.log
    shell:
        
        bash code/bmx_check.sh > logs/bmx_check.log
        
        (command exited with non-zero exit code)
Removing output files of failed job bmx_check since they might be corrupted:
logs/bmx_check.log
Shutting down, this might take some time.
Exiting because a job execution failed. Look below for error messages
[Wed Nov 12 23:16:40 2025]
Error in rule bmx_check:
    message: None
    jobid: 1
    input: data/original/BMX_D.csv
    output: logs/bmx_check.log
    shell:
        
        bash code/bmx_check.sh > logs/bmx_check.log
        
        (command exited with non-zero exit code)
Complete log(s): /home/xb25901/AHDS/Week_3/formative/.snakemake/log/2025-11-12T231639.963634.snakemake.log
WorkflowError:
At least one job did not complete successfully.
