Assuming unrestricted shared filesystem usage.
host: LAPTOP-LF8R5BUU
Building DAG of jobs...
Using shell: /usr/bin/bash
Provided cores: 1 (use --cores to define parallelism)
Rules claiming more threads will be scaled down.
Job stats:
job                  count
-----------------  -------
all                      1
sample_index_list        1
total                    2

Select jobs to execute...
Execute 1 jobs...
[Wed Nov 12 23:53:42 2025]
localrule sample_index_list:
    input: logs/accel_fix.log
    output: logs/sample_index_list.log, data/derived/accelIndexList.txt, data/derived/indexList_in.txt
    jobid: 4
    reason: Missing output files: logs/sample_index_list.log; Updated input files: logs/accel_fix.log
    resources: tmpdir=/tmp
RuleException:
CalledProcessError in file "/home/xb25901/AHDS/Week_3/formative/Snakefile", line 48:
Command 'set -euo pipefail;  
        bash code/sample_index_list.sh > logs/sample_index_list.log' returned non-zero exit status 1.
[Wed Nov 12 23:53:43 2025]
Error in rule sample_index_list:
    message: None
    jobid: 4
    input: logs/accel_fix.log
    output: logs/sample_index_list.log, data/derived/accelIndexList.txt, data/derived/indexList_in.txt
    shell:
        
        bash code/sample_index_list.sh > logs/sample_index_list.log
        
        (command exited with non-zero exit code)
Removing output files of failed job sample_index_list since they might be corrupted:
logs/sample_index_list.log
Shutting down, this might take some time.
Exiting because a job execution failed. Look below for error messages
[Wed Nov 12 23:53:43 2025]
Error in rule sample_index_list:
    message: None
    jobid: 4
    input: logs/accel_fix.log
    output: logs/sample_index_list.log, data/derived/accelIndexList.txt, data/derived/indexList_in.txt
    shell:
        
        bash code/sample_index_list.sh > logs/sample_index_list.log
        
        (command exited with non-zero exit code)
Complete log(s): /home/xb25901/AHDS/Week_3/formative/.snakemake/log/2025-11-12T235342.625029.snakemake.log
WorkflowError:
At least one job did not complete successfully.
