Assuming unrestricted shared filesystem usage.
host: LAPTOP-LF8R5BUU
Building DAG of jobs...
Using shell: /usr/bin/bash
Provided cores: 1 (use --cores to define parallelism)
Rules claiming more threads will be scaled down.
Job stats:
job                  count
-----------------  -------
all                      1
sample_index_list        1
total                    2

Select jobs to execute...
Execute 1 jobs...
[Wed Nov 12 23:55:38 2025]
localrule sample_index_list:
    input: logs/accel_fix.log
    output: logs/sample_index_list.log, data/derived/accelIndexList.txt, data/derived/indexList_in.txt
    jobid: 4
    reason: Missing output files: data/derived/indexList_in.txt, data/derived/accelIndexList.txt, logs/sample_index_list.log
    resources: tmpdir=/tmp
[Wed Nov 12 23:55:54 2025]
Finished jobid: 4 (Rule: sample_index_list)
1 of 2 steps (50%) done
Select jobs to execute...
Execute 1 jobs...
[Wed Nov 12 23:55:54 2025]
localrule all:
    input: logs/bmx_check.log, logs/accel_check.log, logs/accel_fix.log, logs/sample_index_list.log, data/derived/accelIndexList.txt, data/derived/indexList_in.txt
    jobid: 0
    reason: Input files updated by another job: data/derived/indexList_in.txt, data/derived/accelIndexList.txt, logs/sample_index_list.log
    resources: tmpdir=/tmp
[Wed Nov 12 23:55:54 2025]
Finished jobid: 0 (Rule: all)
2 of 2 steps (100%) done
Complete log(s): /home/xb25901/AHDS/Week_3/formative/.snakemake/log/2025-11-12T235538.336211.snakemake.log
